This is pdfTeX, Version 3.141592653-2.6-1.40.24 (TeX Live 2022) (preloaded format=pdflatex 2022.11.10)  12 DEC 2022 01:11
entering extended mode
 restricted \write18 enabled.
 %&-line parsing enabled.
**output.tex
(./output.tex
LaTeX2e <2021-11-15> patch level 1
L3 programming layer <2022-02-24>
(/usr/local/texlive/2022/texmf-dist/tex/latex/base/article.cls
Document Class: article 2021/10/04 v1.4n Standard LaTeX document class
(/usr/local/texlive/2022/texmf-dist/tex/latex/base/size10.clo
File: size10.clo 2021/10/04 v1.4n Standard LaTeX file (size option)
)
\c@part=\count185
\c@section=\count186
\c@subsection=\count187
\c@subsubsection=\count188
\c@paragraph=\count189
\c@subparagraph=\count190
\c@figure=\count191
\c@table=\count192
\abovecaptionskip=\skip47
\belowcaptionskip=\skip48
\bibindent=\dimen138
)
(/usr/local/texlive/2022/texmf-dist/tex/latex/hyperref/hyperref.sty
Package: hyperref 2022-02-21 v7.00n Hypertext links for LaTeX

(/usr/local/texlive/2022/texmf-dist/tex/generic/ltxcmds/ltxcmds.sty
Package: ltxcmds 2020-05-10 v1.25 LaTeX kernel commands for general use (HO)
)
(/usr/local/texlive/2022/texmf-dist/tex/generic/iftex/iftex.sty
Package: iftex 2022/02/03 v1.0f TeX engine tests
)
(/usr/local/texlive/2022/texmf-dist/tex/generic/pdftexcmds/pdftexcmds.sty
Package: pdftexcmds 2020-06-27 v0.33 Utility functions of pdfTeX for LuaTeX (HO
)

(/usr/local/texlive/2022/texmf-dist/tex/generic/infwarerr/infwarerr.sty
Package: infwarerr 2019/12/03 v1.5 Providing info/warning/error messages (HO)
)
Package pdftexcmds Info: \pdf@primitive is available.
Package pdftexcmds Info: \pdf@ifprimitive is available.
Package pdftexcmds Info: \pdfdraftmode found.
)
(/usr/local/texlive/2022/texmf-dist/tex/latex/graphics/keyval.sty
Package: keyval 2014/10/28 v1.15 key=value parser (DPC)
\KV@toks@=\toks16
)
(/usr/local/texlive/2022/texmf-dist/tex/generic/kvsetkeys/kvsetkeys.sty
Package: kvsetkeys 2019/12/15 v1.18 Key value parser (HO)
)
(/usr/local/texlive/2022/texmf-dist/tex/generic/kvdefinekeys/kvdefinekeys.sty
Package: kvdefinekeys 2019-12-19 v1.6 Define keys (HO)
)
(/usr/local/texlive/2022/texmf-dist/tex/generic/pdfescape/pdfescape.sty
Package: pdfescape 2019/12/09 v1.15 Implements pdfTeX's escape features (HO)
)
(/usr/local/texlive/2022/texmf-dist/tex/latex/hycolor/hycolor.sty
Package: hycolor 2020-01-27 v1.10 Color options for hyperref/bookmark (HO)
)
(/usr/local/texlive/2022/texmf-dist/tex/latex/letltxmacro/letltxmacro.sty
Package: letltxmacro 2019/12/03 v1.6 Let assignment for LaTeX macros (HO)
)
(/usr/local/texlive/2022/texmf-dist/tex/latex/auxhook/auxhook.sty
Package: auxhook 2019-12-17 v1.6 Hooks for auxiliary files (HO)
)
(/usr/local/texlive/2022/texmf-dist/tex/latex/kvoptions/kvoptions.sty
Package: kvoptions 2020-10-07 v3.14 Key value format for package options (HO)
)
\@linkdim=\dimen139
\Hy@linkcounter=\count193
\Hy@pagecounter=\count194

(/usr/local/texlive/2022/texmf-dist/tex/latex/hyperref/pd1enc.def
File: pd1enc.def 2022-02-21 v7.00n Hyperref: PDFDocEncoding definition (HO)
Now handling font encoding PD1 ...
... no UTF-8 mapping file for font encoding PD1
)
(/usr/local/texlive/2022/texmf-dist/tex/generic/intcalc/intcalc.sty
Package: intcalc 2019/12/15 v1.3 Expandable calculations with integers (HO)
)
(/usr/local/texlive/2022/texmf-dist/tex/generic/etexcmds/etexcmds.sty
Package: etexcmds 2019/12/15 v1.7 Avoid name clashes with e-TeX commands (HO)
)
\Hy@SavedSpaceFactor=\count195

(/usr/local/texlive/2022/texmf-dist/tex/latex/hyperref/puenc.def
File: puenc.def 2022-02-21 v7.00n Hyperref: PDF Unicode definition (HO)
Now handling font encoding PU ...
... no UTF-8 mapping file for font encoding PU
)
Package hyperref Info: Hyper figures OFF on input line 4137.
Package hyperref Info: Link nesting OFF on input line 4142.
Package hyperref Info: Hyper index ON on input line 4145.
Package hyperref Info: Plain pages OFF on input line 4152.
Package hyperref Info: Backreferencing OFF on input line 4157.
Package hyperref Info: Implicit mode ON; LaTeX internals redefined.
Package hyperref Info: Bookmarks ON on input line 4390.
\c@Hy@tempcnt=\count196

(/usr/local/texlive/2022/texmf-dist/tex/latex/url/url.sty
\Urlmuskip=\muskip16
Package: url 2013/09/16  ver 3.4  Verb mode for urls, etc.
)
LaTeX Info: Redefining \url on input line 4749.
\XeTeXLinkMargin=\dimen140

(/usr/local/texlive/2022/texmf-dist/tex/generic/bitset/bitset.sty
Package: bitset 2019/12/09 v1.3 Handle bit-vector datatype (HO)

(/usr/local/texlive/2022/texmf-dist/tex/generic/bigintcalc/bigintcalc.sty
Package: bigintcalc 2019/12/15 v1.5 Expandable calculations on big integers (HO
)
))
\Fld@menulength=\count197
\Field@Width=\dimen141
\Fld@charsize=\dimen142
Package hyperref Info: Hyper figures OFF on input line 6027.
Package hyperref Info: Link nesting OFF on input line 6032.
Package hyperref Info: Hyper index ON on input line 6035.
Package hyperref Info: backreferencing OFF on input line 6042.
Package hyperref Info: Link coloring OFF on input line 6047.
Package hyperref Info: Link coloring with OCG OFF on input line 6052.
Package hyperref Info: PDF/A mode OFF on input line 6057.
LaTeX Info: Redefining \ref on input line 6097.
LaTeX Info: Redefining \pageref on input line 6101.

(/usr/local/texlive/2022/texmf-dist/tex/latex/base/atbegshi-ltx.sty
Package: atbegshi-ltx 2021/01/10 v1.0c Emulation of the original atbegshi
package with kernel methods
)
\Hy@abspage=\count198
\c@Item=\count199
\c@Hfootnote=\count266
)
Package hyperref Info: Driver (autodetected): hpdftex.

(/usr/local/texlive/2022/texmf-dist/tex/latex/hyperref/hpdftex.def
File: hpdftex.def 2022-02-21 v7.00n Hyperref driver for pdfTeX

(/usr/local/texlive/2022/texmf-dist/tex/latex/base/atveryend-ltx.sty
Package: atveryend-ltx 2020/08/19 v1.0a Emulation of the original atveryend pac
kage
with kernel methods
)
\Fld@listcount=\count267
\c@bookmark@seq@number=\count268

(/usr/local/texlive/2022/texmf-dist/tex/latex/rerunfilecheck/rerunfilecheck.sty
Package: rerunfilecheck 2019/12/05 v1.9 Rerun checks for auxiliary files (HO)

(/usr/local/texlive/2022/texmf-dist/tex/generic/uniquecounter/uniquecounter.sty
Package: uniquecounter 2019/12/15 v1.4 Provide unlimited unique counter (HO)
)
Package uniquecounter Info: New unique counter `rerunfilecheck' on input line 2
86.
)
\Hy@SectionHShift=\skip49
) (/usr/local/texlive/2022/texmf-dist/tex/latex/amscls/amsthm.sty
Package: amsthm 2020/05/29 v2.20.6
\thm@style=\toks17
\thm@bodyfont=\toks18
\thm@headfont=\toks19
\thm@notefont=\toks20
\thm@headpunct=\toks21
\thm@preskip=\skip50
\thm@postskip=\skip51
\thm@headsep=\skip52
\dth@everypar=\toks22
)
(/usr/local/texlive/2022/texmf-dist/tex/latex/amsmath/amsmath.sty
Package: amsmath 2021/10/15 v2.17l AMS math features
\@mathmargin=\skip53

For additional information on amsmath, use the `?' option.
(/usr/local/texlive/2022/texmf-dist/tex/latex/amsmath/amstext.sty
Package: amstext 2021/08/26 v2.01 AMS text

(/usr/local/texlive/2022/texmf-dist/tex/latex/amsmath/amsgen.sty
File: amsgen.sty 1999/11/30 v2.0 generic functions
\@emptytoks=\toks23
\ex@=\dimen143
))
(/usr/local/texlive/2022/texmf-dist/tex/latex/amsmath/amsbsy.sty
Package: amsbsy 1999/11/29 v1.2d Bold Symbols
\pmbraise@=\dimen144
)
(/usr/local/texlive/2022/texmf-dist/tex/latex/amsmath/amsopn.sty
Package: amsopn 2021/08/26 v2.02 operator names
)
\inf@bad=\count269
LaTeX Info: Redefining \frac on input line 234.
\uproot@=\count270
\leftroot@=\count271
LaTeX Info: Redefining \overline on input line 399.
\classnum@=\count272
\DOTSCASE@=\count273
LaTeX Info: Redefining \ldots on input line 496.
LaTeX Info: Redefining \dots on input line 499.
LaTeX Info: Redefining \cdots on input line 620.
\Mathstrutbox@=\box50
\strutbox@=\box51
\big@size=\dimen145
LaTeX Font Info:    Redeclaring font encoding OML on input line 743.
LaTeX Font Info:    Redeclaring font encoding OMS on input line 744.
\macc@depth=\count274
\c@MaxMatrixCols=\count275
\dotsspace@=\muskip17
\c@parentequation=\count276
\dspbrk@lvl=\count277
\tag@help=\toks24
\row@=\count278
\column@=\count279
\maxfields@=\count280
\andhelp@=\toks25
\eqnshift@=\dimen146
\alignsep@=\dimen147
\tagshift@=\dimen148
\tagwidth@=\dimen149
\totwidth@=\dimen150
\lineht@=\dimen151
\@envbody=\toks26
\multlinegap=\skip54
\multlinetaggap=\skip55
\mathdisplay@stack=\toks27
LaTeX Info: Redefining \[ on input line 2938.
LaTeX Info: Redefining \] on input line 2939.
)
(/usr/local/texlive/2022/texmf-dist/tex/latex/amsfonts/amssymb.sty
Package: amssymb 2013/01/14 v3.01 AMS font symbols

(/usr/local/texlive/2022/texmf-dist/tex/latex/amsfonts/amsfonts.sty
Package: amsfonts 2013/01/14 v3.01 Basic AMSFonts support
\symAMSa=\mathgroup4
\symAMSb=\mathgroup5
LaTeX Font Info:    Redeclaring math symbol \hbar on input line 98.
LaTeX Font Info:    Overwriting math alphabet `\mathfrak' in version `bold'
(Font)                  U/euf/m/n --> U/euf/b/n on input line 106.
))
(/usr/local/texlive/2022/texmf-dist/tex/latex/l3backend/l3backend-pdftex.def
File: l3backend-pdftex.def 2022-02-07 L3 backend support: PDF output (pdfTeX)
\l__color_backend_stack_int=\count281
\l__pdf_internal_box=\box52
)
(./output.aux)
\openout1 = `output.aux'.

LaTeX Font Info:    Checking defaults for OML/cmm/m/it on input line 13.
LaTeX Font Info:    ... okay on input line 13.
LaTeX Font Info:    Checking defaults for OMS/cmsy/m/n on input line 13.
LaTeX Font Info:    ... okay on input line 13.
LaTeX Font Info:    Checking defaults for OT1/cmr/m/n on input line 13.
LaTeX Font Info:    ... okay on input line 13.
LaTeX Font Info:    Checking defaults for T1/cmr/m/n on input line 13.
LaTeX Font Info:    ... okay on input line 13.
LaTeX Font Info:    Checking defaults for TS1/cmr/m/n on input line 13.
LaTeX Font Info:    ... okay on input line 13.
LaTeX Font Info:    Checking defaults for OMX/cmex/m/n on input line 13.
LaTeX Font Info:    ... okay on input line 13.
LaTeX Font Info:    Checking defaults for U/cmr/m/n on input line 13.
LaTeX Font Info:    ... okay on input line 13.
LaTeX Font Info:    Checking defaults for PD1/pdf/m/n on input line 13.
LaTeX Font Info:    ... okay on input line 13.
LaTeX Font Info:    Checking defaults for PU/pdf/m/n on input line 13.
LaTeX Font Info:    ... okay on input line 13.
Package hyperref Info: Link coloring OFF on input line 13.

(/usr/local/texlive/2022/texmf-dist/tex/latex/hyperref/nameref.sty
Package: nameref 2021-04-02 v2.47 Cross-referencing by name of section

(/usr/local/texlive/2022/texmf-dist/tex/latex/refcount/refcount.sty
Package: refcount 2019/12/15 v3.6 Data extraction from label references (HO)
)
(/usr/local/texlive/2022/texmf-dist/tex/generic/gettitlestring/gettitlestring.s
ty
Package: gettitlestring 2019/12/15 v1.6 Cleanup title references (HO)
)
\c@section@level=\count282
)
LaTeX Info: Redefining \ref on input line 13.
LaTeX Info: Redefining \pageref on input line 13.
LaTeX Info: Redefining \nameref on input line 13.
 (./output.out) (./output.out)
\@outlinefile=\write3
\openout3 = `output.out'.

LaTeX Font Info:    Trying to load font information for U+msa on input line 16.


(/usr/local/texlive/2022/texmf-dist/tex/latex/amsfonts/umsa.fd
File: umsa.fd 2013/01/14 v3.01 AMS symbols A
)
LaTeX Font Info:    Trying to load font information for U+msb on input line 16.


(/usr/local/texlive/2022/texmf-dist/tex/latex/amsfonts/umsb.fd
File: umsb.fd 2013/01/14 v3.01 AMS symbols B
)
Underfull \hbox (badness 10000) in paragraph at lines 16--21

 []


Underfull \hbox (badness 10000) in paragraph at lines 23--28

 []

[1

{/usr/local/texlive/2022/texmf-var/fonts/map/pdftex/updmap/pdftex.map}]
Overfull \hbox (28.57472pt too wide) in paragraph at lines 31--35
\OT1/cmr/m/n/10 a con-tra-dic-tion. It fol-lows that the only good in-te-gers a
re the pow-ers of primes.(Russian
 []


Underfull \hbox (badness 10000) in paragraph at lines 31--35

 []


Underfull \hbox (badness 10000) in paragraph at lines 38--42

 []


Underfull \hbox (badness 10000) in paragraph at lines 44--49

 []

[2]
Underfull \hbox (badness 10000) in paragraph at lines 52--56

 []


Overfull \hbox (0.2054pt too wide) detected at line 59
[][]
 []


Underfull \hbox (badness 10000) in paragraph at lines 59--63

 []

[3]
Underfull \hbox (badness 10000) in paragraph at lines 66--70

 []


Underfull \hbox (badness 10000) in paragraph at lines 73--77

 []

[4]
Underfull \hbox (badness 10000) in paragraph at lines 80--84

 []


Underfull \hbox (badness 10000) in paragraph at lines 87--91

 []

[5]
Underfull \hbox (badness 10000) in paragraph at lines 94--98

 []


Underfull \hbox (badness 10000) in paragraph at lines 101--105

 []

[6]
Underfull \hbox (badness 10000) in paragraph at lines 108--112

 []


Underfull \hbox (badness 10000) in paragraph at lines 115--119

 []

[7]
Overfull \hbox (38.01826pt too wide) detected at line 122
[][]
 []


Underfull \hbox (badness 10000) in paragraph at lines 122--126

 []


Underfull \hbox (badness 10000) in paragraph at lines 129--133

 []

[8]
Underfull \hbox (badness 10000) in paragraph at lines 136--140

 []

[9]
Underfull \hbox (badness 10000) in paragraph at lines 143--147

 []


Underfull \hbox (badness 10000) in paragraph at lines 150--154

 []

[10]
Overfull \hbox (26.66608pt too wide) detected at line 157
[][]
 []


Underfull \hbox (badness 10000) in paragraph at lines 157--161

 []

[11]
Underfull \hbox (badness 10000) in paragraph at lines 164--168

 []

[12]
Underfull \hbox (badness 10000) in paragraph at lines 171--175

 []


Underfull \hbox (badness 10000) in paragraph at lines 178--182

 []

[13]
Underfull \hbox (badness 10000) in paragraph at lines 185--189

 []


Underfull \hbox (badness 10000) in paragraph at lines 192--196

 []

[14]
Underfull \hbox (badness 10000) in paragraph at lines 199--203

 []


Underfull \hbox (badness 10000) in paragraph at lines 206--210

 []

[15]
Underfull \hbox (badness 10000) in paragraph at lines 213--217

 []


Underfull \hbox (badness 10000) in paragraph at lines 220--224

 []

[16]

Package hyperref Warning: Token not allowed in a PDF string (Unicode):
(hyperref)                removing `math shift' on input line 227.


Package hyperref Warning: Token not allowed in a PDF string (Unicode):
(hyperref)                removing `math shift' on input line 227.


! LaTeX Error: There's no line here to end.

See the LaTeX manual or LaTeX Companion for explanation.
Type  H <return>  for immediate help.
 ...                                              
                                                  
l.228 \textbf
             {Topic} :Algebra\\
? 

Underfull \hbox (badness 10000) in paragraph at lines 228--231

 []

[17]
Underfull \hbox (badness 10000) in paragraph at lines 234--238

 []


Underfull \hbox (badness 10000) in paragraph at lines 241--245

 []

[18]
Underfull \hbox (badness 10000) in paragraph at lines 248--252

 []


Underfull \hbox (badness 10000) in paragraph at lines 255--259

 []

[19] [20]
Underfull \hbox (badness 10000) in paragraph at lines 262--266

 []


Underfull \hbox (badness 10000) in paragraph at lines 269--273

 []


Overfull \hbox (23.98666pt too wide) detected at line 276
[] \OML/cmm/m/it/10 ;  [] ;  [] []
 []

[21]
Overfull \hbox (35.08084pt too wide) in paragraph at lines 276--276
\OT1/cmr/m/n/10 This sug-gest that in gen-eral, the $\OML/cmm/m/it/10 ij$ \OT1/
cmr/m/n/10 th en-try of $\OML/cmm/m/it/10 J[]\OT1/cmr/m/n/10 (\OML/cmm/m/it/10 
^^U\OT1/cmr/m/n/10 )[]$ is $[][] = [] \OML/cmm/m/it/10 ^^U[]$\OT1/cmr/m/n/10 ,
 []


Overfull \hbox (33.90111pt too wide) detected at line 276
[][]
 []


Underfull \hbox (badness 10000) in paragraph at lines 276--280

 []


Overfull \hbox (95.83273pt too wide) detected at line 283
[]\OT1/cmr/m/n/10 (\OML/cmm/m/it/10 A\OT1/cmr/m/n/10 ) = [] = [] \OML/cmm/m/it/
10 :
 []

[22]
Underfull \hbox (badness 10000) in paragraph at lines 283--287

 []

[23]
Underfull \hbox (badness 10000) in paragraph at lines 290--294

 []


Underfull \hbox (badness 10000) in paragraph at lines 297--301

 []

[24] [25]
Underfull \hbox (badness 10000) in paragraph at lines 304--308

 []


Underfull \hbox (badness 10000) in paragraph at lines 311--315

 []

[26]
Underfull \hbox (badness 10000) in paragraph at lines 318--322

 []

[27]
Underfull \hbox (badness 10000) in paragraph at lines 325--329

 []


Underfull \hbox (badness 10000) in paragraph at lines 332--336

 []

[28]
Underfull \hbox (badness 10000) in paragraph at lines 338--343

 []


Underfull \hbox (badness 10000) in paragraph at lines 346--350

 []

[29]
Underfull \hbox (badness 10000) in paragraph at lines 353--357

 []

[30]
Underfull \hbox (badness 10000) in paragraph at lines 360--364

 []

[31]
Underfull \hbox (badness 10000) in paragraph at lines 367--371

 []

[32]
Underfull \hbox (badness 10000) in paragraph at lines 374--378

 []


Underfull \hbox (badness 10000) in paragraph at lines 380--385

 []

[33]
Underfull \hbox (badness 10000) in paragraph at lines 388--392

 []


Underfull \hbox (badness 10000) in paragraph at lines 395--399

 []

[34]
Underfull \hbox (badness 10000) in paragraph at lines 402--406

 []


Underfull \hbox (badness 10000) in paragraph at lines 409--413

 []

[35]
Underfull \hbox (badness 10000) in paragraph at lines 416--420

 []

[36]
Underfull \hbox (badness 10000) in paragraph at lines 423--427

 []


Underfull \hbox (badness 10000) in paragraph at lines 430--434

 []

[37]
Underfull \hbox (badness 10000) in paragraph at lines 437--441

 []


Underfull \hbox (badness 10000) in paragraph at lines 443--448

 []

[38]
Underfull \hbox (badness 10000) in paragraph at lines 451--455

 []

[39]
Underfull \hbox (badness 10000) in paragraph at lines 458--462

 []


Underfull \hbox (badness 10000) in paragraph at lines 465--469

 []

[40]
Overfull \hbox (2.11139pt too wide) detected at line 472
[][]
 []


Underfull \hbox (badness 10000) in paragraph at lines 472--476

 []


Underfull \hbox (badness 10000) in paragraph at lines 479--483

 []

[41]
Underfull \hbox (badness 10000) in paragraph at lines 486--490

 []

[42]
Underfull \hbox (badness 10000) in paragraph at lines 493--497

 []


Underfull \hbox (badness 10000) in paragraph at lines 500--504

 []

[43]
Underfull \hbox (badness 10000) in paragraph at lines 507--511

 []


Overfull \hbox (34.5407pt too wide) detected at line 514
[][]
 []


Underfull \hbox (badness 10000) in paragraph at lines 514--518

 []

[44]
Underfull \hbox (badness 10000) in paragraph at lines 521--525

 []

[45]
Underfull \hbox (badness 10000) in paragraph at lines 528--532

 []


Underfull \hbox (badness 10000) in paragraph at lines 535--539

 []

[46]
Underfull \hbox (badness 10000) in paragraph at lines 542--546

 []

[47]
Overfull \hbox (3.61554pt too wide) detected at line 549
[] \OMS/cmsy/m/n/10 ^^@ [] [] \OT1/cmr/m/n/10 = [] \OMS/cmsy/m/n/10 ^^@ [] \OML
/cmm/m/it/10 > [] > [] > [] \OT1/cmr/m/n/10 = [] [] \OML/cmm/m/it/10 > [] [];
 []


Underfull \hbox (badness 10000) in paragraph at lines 549--553

 []


Underfull \hbox (badness 10000) in paragraph at lines 556--560

 []

[48]
Overfull \hbox (167.21814pt too wide) detected at line 563
[] \OT1/cmr/m/n/10 = [] [] \OML/cmm/m/it/10 :
 []

[49]
Underfull \hbox (badness 10000) in paragraph at lines 563--567

 []


Overfull \hbox (23.29797pt too wide) detected at line 570
[][]
 []


Underfull \hbox (badness 10000) in paragraph at lines 570--574

 []

[50]
Underfull \hbox (badness 10000) in paragraph at lines 577--581

 []


Underfull \hbox (badness 10000) in paragraph at lines 584--588

 []

[51]
Underfull \hbox (badness 10000) in paragraph at lines 591--595

 []


Underfull \hbox (badness 10000) in paragraph at lines 598--602

 []


Overfull \hbox (4.25436pt too wide) in paragraph at lines 604--605
[]\OT1/cmr/bx/n/10 Problem State-ment \OT1/cmr/m/n/10 :383. Does there ex-ist a
 non-con-stant func-tion $\OML/cmm/m/it/10 f \OT1/cmr/m/n/10 : (1\OML/cmm/m/it/
10 ; \OMS/cmsy/m/n/10 1\OT1/cmr/m/n/10 ) \OMS/cmsy/m/n/10 !
 []


Overfull \hbox (4.72678pt too wide) in paragraph at lines 604--605
\U/msb/m/n/10 R$ \OT1/cmr/m/n/10 sat-is-fy-ing the re-la-tion $\OML/cmm/m/it/10
 f\OT1/cmr/m/n/10 (\OML/cmm/m/it/10 x\OT1/cmr/m/n/10 ) = \OML/cmm/m/it/10 f []$
 \OT1/cmr/m/n/10 for all $\OML/cmm/m/it/10 x > \OT1/cmr/m/n/10 1$ and such that
 $[][] \OML/cmm/m/it/10 f\OT1/cmr/m/n/10 (\OML/cmm/m/it/10 x\OT1/cmr/m/n/10 )$
 []

[52]
Underfull \hbox (badness 10000) in paragraph at lines 605--609

 []


Underfull \hbox (badness 10000) in paragraph at lines 611--616

 []

[53]
Underfull \hbox (badness 10000) in paragraph at lines 619--623

 []

[54]
Underfull \hbox (badness 10000) in paragraph at lines 625--630

 []


Underfull \hbox (badness 10000) in paragraph at lines 633--637

 []

[55]
Underfull \hbox (badness 10000) in paragraph at lines 640--644

 []

[56]
Underfull \hbox (badness 10000) in paragraph at lines 647--651

 []


Underfull \hbox (badness 10000) in paragraph at lines 654--658

 []

[57]
Underfull \hbox (badness 10000) in paragraph at lines 661--665

 []

[58]
Underfull \hbox (badness 10000) in paragraph at lines 668--672

 []


Underfull \hbox (badness 10000) in paragraph at lines 675--679

 []

[59]
Overfull \hbox (11.67346pt too wide) in paragraph at lines 682--682
\OT1/cmr/m/n/10 and hence $\OML/cmm/m/it/10 E\OT1/cmr/m/n/10 (\OML/cmm/m/it/10 
x; y; z\OT1/cmr/m/n/10 ) \OMS/cmsy/m/n/10 ^^U \OML/cmm/m/it/10 E\OT1/cmr/m/n/10
 (\OML/cmm/m/it/10 x; z; y\OT1/cmr/m/n/10 )$. Sim-i-larly, $\OML/cmm/m/it/10 E\
OT1/cmr/m/n/10 (\OML/cmm/m/it/10 x; y; z\OT1/cmr/m/n/10 ) \OMS/cmsy/m/n/10 ^^U 
\OML/cmm/m/it/10 E\OT1/cmr/m/n/10 (\OML/cmm/m/it/10 y; x; z\OT1/cmr/m/n/10 )$ a
nd $\OML/cmm/m/it/10 E\OT1/cmr/m/n/10 (\OML/cmm/m/it/10 z; y; x\OT1/cmr/m/n/10 
) \OMS/cmsy/m/n/10 ^^U$
 []


Underfull \hbox (badness 10000) in paragraph at lines 682--686

 []


Underfull \hbox (badness 10000) in paragraph at lines 689--693

 []

[60]
Underfull \hbox (badness 10000) in paragraph at lines 696--700

 []


Underfull \hbox (badness 10000) in paragraph at lines 703--707

 []

[61]
Underfull \hbox (badness 10000) in paragraph at lines 710--714

 []


Underfull \hbox (badness 10000) in paragraph at lines 717--721

 []

[62]
Overfull \hbox (5.9092pt too wide) detected at line 724
\OML/cmm/m/it/10 f\OT1/cmr/m/n/10 (\OML/cmm/m/it/10 x\OT1/cmr/m/n/10 ) = [] + [
] = [] + [] \OML/cmm/m/it/10 :
 []


Underfull \hbox (badness 10000) in paragraph at lines 724--728

 []


Underfull \hbox (badness 10000) in paragraph at lines 731--735

 []

[63]
Underfull \hbox (badness 10000) in paragraph at lines 738--742

 []


Overfull \hbox (1.36115pt too wide) detected at line 745
[] []\OML/cmm/m/it/10 dx \OT1/cmr/m/n/10 = [] []\OML/cmm/m/it/10 dx \OT1/cmr/m/
n/10 + [] []\OML/cmm/m/it/10 dx \OT1/cmr/m/n/10 = [] []\OML/cmm/m/it/10 dx \OT1
/cmr/m/n/10 + [] [][]\OML/cmm/m/it/10 dx
 []

[64]
Underfull \hbox (badness 10000) in paragraph at lines 745--749

 []


Underfull \hbox (badness 10000) in paragraph at lines 752--756

 []

[65]
Underfull \hbox (badness 10000) in paragraph at lines 759--763

 []


Underfull \hbox (badness 10000) in paragraph at lines 766--770

 []


Overfull \hbox (14.49252pt too wide) detected at line 773
\OML/cmm/m/it/10 I \OT1/cmr/m/n/10 = [][] []\OML/cmm/m/it/10 dt \OT1/cmr/m/n/10
 = \OMS/cmsy/m/n/10 ^^@ [][] []\OML/cmm/m/it/10 dt \OT1/cmr/m/n/10 = \OMS/cmsy/
m/n/10 ^^@\OML/cmm/m/it/10 I:
 []


Underfull \hbox (badness 10000) in paragraph at lines 773--777

 []

[66]
Underfull \hbox (badness 10000) in paragraph at lines 780--784

 []


Underfull \hbox (badness 10000) in paragraph at lines 787--791

 []

[67]
Underfull \hbox (badness 10000) in paragraph at lines 794--798

 []


Underfull \hbox (badness 10000) in paragraph at lines 801--805

 []

[68]
Underfull \hbox (badness 10000) in paragraph at lines 808--812

 []


Underfull \hbox (badness 10000) in paragraph at lines 815--819

 []

[69]
Overfull \hbox (3.3026pt too wide) detected at line 822
[][]
 []


Underfull \hbox (badness 10000) in paragraph at lines 822--826

 []


Underfull \hbox (badness 10000) in paragraph at lines 829--833

 []

[70]
Underfull \hbox (badness 10000) in paragraph at lines 836--840

 []

[71]
Underfull \hbox (badness 10000) in paragraph at lines 843--847

 []

[72]
Underfull \hbox (badness 10000) in paragraph at lines 850--854

 []


Underfull \hbox (badness 10000) in paragraph at lines 857--861

 []

[73]
Underfull \hbox (badness 10000) in paragraph at lines 864--868

 []

[74]
Underfull \hbox (badness 10000) in paragraph at lines 871--875

 []


Underfull \hbox (badness 10000) in paragraph at lines 878--882

 []

[75]
Underfull \hbox (badness 10000) in paragraph at lines 885--889

 []


Underfull \hbox (badness 10000) in paragraph at lines 892--896

 []

[76]
Underfull \hbox (badness 10000) in paragraph at lines 899--903

 []


Underfull \hbox (badness 10000) in paragraph at lines 906--910

 []

[77]
Underfull \hbox (badness 10000) in paragraph at lines 913--917

 []

[78]
Underfull \hbox (badness 10000) in paragraph at lines 920--924

 []


Underfull \hbox (badness 10000) in paragraph at lines 927--931

 []

[79]
Underfull \hbox (badness 10000) in paragraph at lines 934--938

 []

[80]
Underfull \hbox (badness 10000) in paragraph at lines 941--945

 []


Underfull \hbox (badness 10000) in paragraph at lines 948--952

 []

[81]
Underfull \hbox (badness 10000) in paragraph at lines 955--959

 []

[82]
Underfull \hbox (badness 10000) in paragraph at lines 962--966

 []


Underfull \hbox (badness 10000) in paragraph at lines 969--973

 []

[83]
Underfull \hbox (badness 10000) in paragraph at lines 976--980

 []


Overfull \hbox (10.13239pt too wide) in paragraph at lines 982--983
[]\OT1/cmr/bx/n/10 Problem State-ment \OT1/cmr/m/n/10 :525. Let $\OML/cmm/m/it/
10 F\OT1/cmr/m/n/10 (\OML/cmm/m/it/10 x\OT1/cmr/m/n/10 ) = [][] []\OML/cmm/m/it
/10 ; x \OMS/cmsy/m/n/10 2 \U/msb/m/n/10 R$\OT1/cmr/m/n/10 . Com-pute $[][] \OM
L/cmm/m/it/10 F\OT1/cmr/m/n/10 (\OML/cmm/m/it/10 t\OT1/cmr/m/n/10 )\OML/cmm/m/i
t/10 dt$\OT1/cmr/m/n/10 . 
 []

[84]
Underfull \hbox (badness 10000) in paragraph at lines 983--987

 []


Underfull \hbox (badness 10000) in paragraph at lines 989--994

 []

[85]
Underfull \hbox (badness 10000) in paragraph at lines 997--1001

 []


Underfull \hbox (badness 10000) in paragraph at lines 1004--1008

 []

[86]
Underfull \hbox (badness 10000) in paragraph at lines 1011--1015

 []

[87]
Underfull \hbox (badness 10000) in paragraph at lines 1018--1022

 []


Underfull \hbox (badness 10000) in paragraph at lines 1025--1029

 []


Underfull \hbox (badness 10000) in paragraph at lines 1031--1036

 []

[88] [89]
Underfull \hbox (badness 10000) in paragraph at lines 1039--1043

 []


Underfull \hbox (badness 10000) in paragraph at lines 1046--1050

 []

[90]
Underfull \hbox (badness 10000) in paragraph at lines 1053--1057

 []


Underfull \hbox (badness 10000) in paragraph at lines 1060--1064

 []

[91]
Underfull \hbox (badness 10000) in paragraph at lines 1067--1071

 []

[92]
Overfull \hbox (6.2074pt too wide) in paragraph at lines 1074--1074
\OT1/cmr/m/n/10 The par-tic-u-lar case $\OML/cmm/m/it/10 x \OT1/cmr/m/n/10 = \O
ML/cmm/m/it/10 y$ \OT1/cmr/m/n/10 yields $\OML/cmm/m/it/10 g\OT1/cmr/m/n/10 (\O
ML/cmm/m/it/10 x\OT1/cmr/m/n/10 ) = []\OML/cmm/m/it/10 g []$\OT1/cmr/m/n/10 , a
nd hence $\OML/cmm/m/it/10 g\OT1/cmr/m/n/10 (\OMS/cmsy/m/n/10 ^^@\OML/cmm/m/it/
10 x\OT1/cmr/m/n/10 ) = []\OML/cmm/m/it/10 g [] \OT1/cmr/m/n/10 =$
 []


Underfull \hbox (badness 10000) in paragraph at lines 1074--1078

 []


Underfull \hbox (badness 10000) in paragraph at lines 1081--1085

 []


Underfull \hbox (badness 10000) in paragraph at lines 1087--1093

 []

[93]
Underfull \hbox (badness 10000) in paragraph at lines 1095--1100

 []

[94]
Underfull \hbox (badness 10000) in paragraph at lines 1103--1107

 []

[95]
Underfull \hbox (badness 10000) in paragraph at lines 1110--1114

 []

[96]
Underfull \hbox (badness 10000) in paragraph at lines 1117--1121

 []


Underfull \hbox (badness 10000) in paragraph at lines 1124--1128

 []

[97]
Underfull \hbox (badness 10000) in paragraph at lines 1131--1135

 []

[98]
Underfull \hbox (badness 10000) in paragraph at lines 1138--1142

 []


Underfull \hbox (badness 10000) in paragraph at lines 1145--1149

 []

[99]
Underfull \hbox (badness 10000) in paragraph at lines 1152--1156

 []


Underfull \hbox (badness 10000) in paragraph at lines 1159--1163

 []

[100]
Underfull \hbox (badness 10000) in paragraph at lines 1166--1170

 []

[101]
Underfull \hbox (badness 10000) in paragraph at lines 1173--1177

 []


Overfull \hbox (1.59267pt too wide) in paragraph at lines 1179--1180
\OT1/cmr/m/n/10 holds for all nonzero real num-bers $\OML/cmm/m/it/10 x$ \OT1/c
mr/m/n/10 for which $\OML/cmm/m/it/10 P[]\OT1/cmr/m/n/10 (\OML/cmm/m/it/10 x\OT
1/cmr/m/n/10 ) \OMS/cmsy/m/n/10 6\OT1/cmr/m/n/10 = 0$, where $\OML/cmm/m/it/10 
x[]; i \OT1/cmr/m/n/10 = 1\OML/cmm/m/it/10 ; \OT1/cmr/m/n/10 2\OML/cmm/m/it/10 
; [] ; n$\OT1/cmr/m/n/10 ,
 []


Underfull \hbox (badness 10000) in paragraph at lines 1180--1184

 []

[102] [103]
Overfull \hbox (12.37346pt too wide) detected at line 1187
[][] [] \OML/cmm/m/it/10 dx \OT1/cmr/m/n/10 = [][] [] \OML/cmm/m/it/10 dx \OT1/
cmr/m/n/10 = [] [] = \OML/cmm/m/it/10 e[] []
 []


! LaTeX Error: There's no line here to end.

See the LaTeX manual or LaTeX Companion for explanation.
Type  H <return>  for immediate help.
 ...                                              
                                                  
l.1188 \textbf
              {Topic} :Geometry\\
? 

Underfull \hbox (badness 10000) in paragraph at lines 1188--1191

 []


Underfull \hbox (badness 10000) in paragraph at lines 1194--1198

 []

[104]
Underfull \hbox (badness 10000) in paragraph at lines 1201--1205

 []

[105]
Underfull \hbox (badness 10000) in paragraph at lines 1208--1212

 []

[106]
Underfull \hbox (badness 10000) in paragraph at lines 1215--1219

 []

[107]
Underfull \hbox (badness 10000) in paragraph at lines 1222--1226

 []


Overfull \hbox (6.20432pt too wide) in paragraph at lines 1228--1233
\OT1/cmr/m/n/10 tinct and dif-fer-ent from the (also dis-tinct) mid-points of $
\OML/cmm/m/it/10 A[]A[]; A[]A[]; [] ; A[]A[]$\OT1/cmr/m/n/10 .
 []


Underfull \hbox (badness 10000) in paragraph at lines 1228--1233

 []

[108]
Underfull \hbox (badness 10000) in paragraph at lines 1236--1240

 []


Underfull \hbox (badness 10000) in paragraph at lines 1243--1247

 []

[109]
Underfull \hbox (badness 10000) in paragraph at lines 1250--1254

 []


Underfull \hbox (badness 10000) in paragraph at lines 1257--1261

 []

[110]
Underfull \hbox (badness 10000) in paragraph at lines 1264--1268

 []

[111]
Underfull \hbox (badness 10000) in paragraph at lines 1271--1275

 []


Overfull \hbox (7.5479pt too wide) in paragraph at lines 1278--1278
\OT1/cmr/m/n/10 If $\OML/cmm/m/it/10 P[]$ \OT1/cmr/m/n/10 is the in-ter-sec-tio
n of $\OML/cmm/m/it/10 t[]$ \OT1/cmr/m/n/10 and $\OML/cmm/m/it/10 t[]$\OT1/cmr/
m/n/10 , then its co-or-di-nates are $[]$.
 []


Overfull \hbox (24.29117pt too wide) detected at line 1278
\OMS/cmsy/m/n/10 ^^F[] [] \OT1/cmr/m/n/10 = \OMS/cmsy/m/n/10 ^^F\OT1/cmr/m/n/10
 8\OML/cmm/m/it/10 p[] [] \OT1/cmr/m/n/10 = 8\OML/cmm/m/it/10 p[] [] :
 []

[112]
Underfull \hbox (badness 10000) in paragraph at lines 1278--1282

 []

[113]
Underfull \hbox (badness 10000) in paragraph at lines 1285--1289

 []

[114]
Underfull \hbox (badness 10000) in paragraph at lines 1292--1296

 []


Underfull \hbox (badness 10000) in paragraph at lines 1299--1303

 []


Underfull \hbox (badness 10000) in paragraph at lines 1306--1310

 []

[115]
Underfull \hbox (badness 10000) in paragraph at lines 1313--1317

 []


Underfull \hbox (badness 10000) in paragraph at lines 1320--1324

 []

[116]
Underfull \hbox (badness 10000) in paragraph at lines 1327--1331

 []


Underfull \hbox (badness 10000) in paragraph at lines 1334--1338

 []

[117]
Underfull \hbox (badness 10000) in paragraph at lines 1341--1345

 []

[118]
Underfull \hbox (badness 10000) in paragraph at lines 1348--1352

 []

[119]
Underfull \hbox (badness 10000) in paragraph at lines 1355--1359

 []


Underfull \hbox (badness 10000) in paragraph at lines 1362--1366

 []

[120] [121]
Underfull \hbox (badness 10000) in paragraph at lines 1369--1373

 []

[122]
Underfull \hbox (badness 10000) in paragraph at lines 1376--1380

 []


! LaTeX Error: There's no line here to end.

See the LaTeX manual or LaTeX Companion for explanation.
Type  H <return>  for immediate help.
 ...                                              
                                                  
l.1384 \textbf
              {Topic} :Geometry\\
? 

Underfull \hbox (badness 10000) in paragraph at lines 1384--1387

 []

[123]
Underfull \hbox (badness 10000) in paragraph at lines 1390--1394

 []


Underfull \hbox (badness 10000) in paragraph at lines 1397--1401

 []


Overfull \hbox (2.97948pt too wide) in paragraph at lines 1403--1404
\OT1/cmr/m/n/10 tion $\OML/cmm/m/it/10 f\OT1/cmr/m/n/10 (\OML/cmm/m/it/10 x; y\
OT1/cmr/m/n/10 ) = [](19\OML/cmm/m/it/10 x \OT1/cmr/m/n/10 + 99\OML/cmm/m/it/10
 y\OT1/cmr/m/n/10 )$ can be writ-ten as a poly-no-mial in $[] \OML/cmm/m/it/10 
x; [] y; []\OT1/cmr/m/n/10 (\OML/cmm/m/it/10 x \OT1/cmr/m/n/10 +
 []

[124]
Overfull \hbox (1.35612pt too wide) detected at line 1404
[] [] []
 []


Overfull \hbox (0.31065pt too wide) in paragraph at lines 1404--1404
\OT1/cmr/m/n/10 suf-fices to show that the prop-erty is in-vari-ant un-der mul-
ti-pli-ca-tion by $[] \OML/cmm/m/it/10 x; [] y$\OT1/cmr/m/n/10 ,
 []


Underfull \hbox (badness 10000) in paragraph at lines 1404--1408

 []

[125]
Underfull \hbox (badness 10000) in paragraph at lines 1411--1415

 []


Underfull \hbox (badness 10000) in paragraph at lines 1418--1422

 []

[126]
Overfull \hbox (19.79436pt too wide) in paragraph at lines 1425--1429
\OT1/cmr/m/n/10 Taking $\OML/cmm/m/it/10 n \OT1/cmr/m/n/10 = 999 \OMS/cmsy/m/n/
10 ^^Q \OT1/cmr/m/n/10 3( [] 4)$, we ob-tain the an-swer to the prob-lem, $\OMS
/cmsy/m/n/10 ^^@\OT1/cmr/m/n/10 2[]$.(proposed
 []


Underfull \hbox (badness 10000) in paragraph at lines 1425--1429

 []


Underfull \hbox (badness 10000) in paragraph at lines 1432--1436

 []

[127]
Overfull \hbox (1.25pt too wide) in paragraph at lines 1439--1443
\OT1/cmr/m/n/10 We can si-mul-ta-ne-ously in-crease each of $\OMS/cmsy/m/n/10 ^
^@ [] [] \OML/cmm/m/it/10 ; \OMS/cmsy/m/n/10 ^^@ [] []$\OT1/cmr/m/n/10 , and $[
](\OML/cmm/m/it/10 ^^^ \OMS/cmsy/m/n/10 ^^@
 []


Underfull \hbox (badness 10000) in paragraph at lines 1439--1443

 []

[128]
Underfull \hbox (badness 10000) in paragraph at lines 1446--1450

 []


Underfull \hbox (badness 10000) in paragraph at lines 1453--1457

 []

[129]
Overfull \hbox (4.99222pt too wide) detected at line 1462
[] \OT1/cmr/m/n/10 = [] = [] = []\OML/cmm/m/it/10 :
 []


Overfull \hbox (25.81297pt too wide) detected at line 1462
[][]
 []


Underfull \hbox (badness 10000) in paragraph at lines 1462--1466

 []

[130]
Underfull \hbox (badness 10000) in paragraph at lines 1469--1473

 []


Overfull \hbox (82.44093pt too wide) detected at line 1476
[][]
 []


Underfull \hbox (badness 10000) in paragraph at lines 1476--1480

 []

[131]
Overfull \hbox (5.99648pt too wide) detected at line 1483
[] [] \OT1/cmr/m/n/10 = 2[] [] [] = 2[] \OMS/cmsy/m/n/10 ^^A [] \OT1/cmr/m/n/10
 = 2[]\OML/cmm/m/it/10 :
 []


! LaTeX Error: There's no line here to end.

See the LaTeX manual or LaTeX Companion for explanation.
Type  H <return>  for immediate help.
 ...                                              
                                                  
l.1484 \textbf
              {Topic} :Geometry\\
? 

Underfull \hbox (badness 10000) in paragraph at lines 1484--1487

 []


Underfull \hbox (badness 10000) in paragraph at lines 1490--1494

 []


Underfull \hbox (badness 10000) in paragraph at lines 1496--1501

 []

[132]
Underfull \hbox (badness 10000) in paragraph at lines 1503--1508

 []

[133]
Underfull \hbox (badness 10000) in paragraph at lines 1511--1515

 []

[134]

! LaTeX Error: There's no line here to end.

See the LaTeX manual or LaTeX Companion for explanation.
Type  H <return>  for immediate help.
 ...                                              
                                                  
l.1519 \textbf
              {Topic} :Number Theory\\
? 

Underfull \hbox (badness 10000) in paragraph at lines 1519--1522

 []


Underfull \hbox (badness 10000) in paragraph at lines 1525--1529

 []

[135]
Underfull \hbox (badness 10000) in paragraph at lines 1532--1536

 []


Underfull \hbox (badness 10000) in paragraph at lines 1539--1543

 []

[136]
Underfull \hbox (badness 10000) in paragraph at lines 1546--1550

 []


Underfull \hbox (badness 10000) in paragraph at lines 1553--1557

 []

[137]
Overfull \hbox (11.64288pt too wide) in paragraph at lines 1559--1560
[]\OT1/cmr/bx/n/10 Problem State-ment \OT1/cmr/m/n/10 :732. De-ter-mine the fun
c-tions $\OML/cmm/m/it/10 f \OT1/cmr/m/n/10 : \OMS/cmsy/m/n/10 f\OT1/cmr/m/n/10
 0\OML/cmm/m/it/10 ; \OT1/cmr/m/n/10 1\OML/cmm/m/it/10 ; \OT1/cmr/m/n/10 2 []\O
MS/cmsy/m/n/10 g ! f\OT1/cmr/m/n/10 0\OML/cmm/m/it/10 ; \OT1/cmr/m/n/10 1\OML/c
mm/m/it/10 ; \OT1/cmr/m/n/10 2\OML/cmm/m/it/10 ; []\OMS/cmsy/m/n/10 g$
 []


Underfull \hbox (badness 10000) in paragraph at lines 1560--1564

 []

[138]
Underfull \hbox (badness 10000) in paragraph at lines 1567--1571

 []


Underfull \hbox (badness 10000) in paragraph at lines 1573--1578

 []


Underfull \hbox (badness 10000) in paragraph at lines 1580--1585

 []

[139]
Overfull \hbox (18.58617pt too wide) in paragraph at lines 1588--1592
\OT1/cmr/m/n/10 case with Polignac's for-mula, we find that the only so-lu-tion
s are $\OML/cmm/m/it/10 n \OT1/cmr/m/n/10 = 4005\OML/cmm/m/it/10 ; \OT1/cmr/m/n
/10 4006\OML/cmm/m/it/10 ; \OT1/cmr/m/n/10 4007$,
 []


Underfull \hbox (badness 10000) in paragraph at lines 1588--1592

 []


Underfull \hbox (badness 10000) in paragraph at lines 1594--1599

 []

[140]
Underfull \hbox (badness 10000) in paragraph at lines 1601--1606

 []


Underfull \hbox (badness 10000) in paragraph at lines 1608--1613

 []

[141]
Underfull \hbox (badness 10000) in paragraph at lines 1616--1620

 []


Underfull \hbox (badness 10000) in paragraph at lines 1622--1627

 []

[142]
Underfull \hbox (badness 10000) in paragraph at lines 1629--1634

 []


Underfull \hbox (badness 10000) in paragraph at lines 1636--1641

 []

[143]
Underfull \hbox (badness 10000) in paragraph at lines 1644--1648

 []


Overfull \hbox (21.62971pt too wide) in paragraph at lines 1650--1655
\OT1/cmr/bx/n/10 Solution \OT1/cmr/m/n/10 :790. We con-struct such a se-quence 
re-cur-sively. Sup-pose that $\OML/cmm/m/it/10 a[]; a[]; [] ; a[]$
 []


Underfull \hbox (badness 10000) in paragraph at lines 1650--1655

 []

[144]
Underfull \hbox (badness 10000) in paragraph at lines 1658--1662

 []


Underfull \hbox (badness 10000) in paragraph at lines 1665--1669

 []

[145]
Underfull \hbox (badness 10000) in paragraph at lines 1671--1676

 []


Underfull \hbox (badness 10000) in paragraph at lines 1679--1683

 []

[146]

! LaTeX Error: There's no line here to end.

See the LaTeX manual or LaTeX Companion for explanation.
Type  H <return>  for immediate help.
 ...                                              
                                                  
l.1687 \textbf
              {Topic} :Number Theory\\
? 

Underfull \hbox (badness 10000) in paragraph at lines 1687--1690

 []


Overfull \hbox (10.41739pt too wide) in paragraph at lines 1693--1693
\OT1/cmr/m/n/10 has three so-lu-tions: $(\OMS/cmsy/m/n/10 ^^@\OT1/cmr/m/n/10 13
34\OML/cmm/m/it/10 ; \OMS/cmsy/m/n/10 ^^@\OT1/cmr/m/n/10 446224)\OML/cmm/m/it/1
0 ; \OT1/cmr/m/n/10 (\OMS/cmsy/m/n/10 ^^@\OT1/cmr/m/n/10 2003\OML/cmm/m/it/10 ;
 \OT1/cmr/m/n/10 0)$, and $(1336001\OML/cmm/m/it/10 ; \OMS/cmsy/m/n/10 ^^@\OT1/
cmr/m/n/10 446224)$.Second
 []

[147]
Underfull \hbox (badness 10000) in paragraph at lines 1693--1697

 []


Underfull \hbox (badness 10000) in paragraph at lines 1700--1704

 []


Underfull \hbox (badness 10000) in paragraph at lines 1707--1711

 []

[148]
Underfull \hbox (badness 10000) in paragraph at lines 1714--1718

 []

[149] [150] [151]

! LaTeX Error: There's no line here to end.

See the LaTeX manual or LaTeX Companion for explanation.
Type  H <return>  for immediate help.
 ...                                              
                                                  
l.1722 \textbf
              {Topic} :Number Theory\\
? 

Underfull \hbox (badness 10000) in paragraph at lines 1722--1725

 []


Underfull \hbox (badness 10000) in paragraph at lines 1728--1732

 []


Underfull \hbox (badness 10000) in paragraph at lines 1735--1739

 []

[152]
Overfull \hbox (75.03192pt too wide) detected at line 1742
[][]
 []


Underfull \hbox (badness 10000) in paragraph at lines 1742--1746

 []


Overfull \hbox (4.0531pt too wide) in paragraph at lines 1748--1753
[]\OT1/cmr/bx/n/10 Problem State-ment \OT1/cmr/m/n/10 :830. Find the num-ber of
 per-mu-ta-tions $\OML/cmm/m/it/10 a[]; a[]; a[]; a[]; a[]; a[]$
 []


Underfull \hbox (badness 10000) in paragraph at lines 1748--1753

 []

[153]
Overfull \hbox (8.77992pt too wide) in paragraph at lines 1755--1756
[]\OT1/cmr/bx/n/10 Problem State-ment \OT1/cmr/m/n/10 :831. Let $\OML/cmm/m/it/
10 f\OT1/cmr/m/n/10 (\OML/cmm/m/it/10 n\OT1/cmr/m/n/10 )$ be the num-ber of per
-mu-ta-tions $\OML/cmm/m/it/10 a[]; a[]; [] ; a[]$
 []


Underfull \hbox (badness 10000) in paragraph at lines 1756--1760

 []

[154]
Underfull \hbox (badness 10000) in paragraph at lines 1763--1767

 []


Overfull \hbox (1.36972pt too wide) in paragraph at lines 1769--1770
\OT1/cmr/m/n/10 con-trary and let $[]$ be a cy-cle, i.e., $\OML/cmm/m/it/10 ^^[
 [] \OT1/cmr/m/n/10 = \OML/cmm/m/it/10 i[]; ^^[ [] \OT1/cmr/m/n/10 = \OML/cmm/m
/it/10 i[]; [] ; ^^[ [] \OT1/cmr/m/n/10 =
 []


Underfull \hbox (badness 10000) in paragraph at lines 1770--1774

 []

[155]
Overfull \hbox (16.16763pt too wide) in paragraph at lines 1776--1776
[]\OT1/cmr/bx/n/10 Problem State-ment \OT1/cmr/m/n/10 :835. De-ter-mine the num
-ber of per-mu-ta-tions $\OML/cmm/m/it/10 a[]; a[]; [] ; a[]$
 []


Underfull \hbox (badness 10000) in paragraph at lines 1776--1781

 []

[156]

! LaTeX Error: There's no line here to end.

See the LaTeX manual or LaTeX Companion for explanation.
Type  H <return>  for immediate help.
 ...                                              
                                                  
l.1785 \textbf
              {Topic} :Number Theory\\
? 

Underfull \hbox (badness 10000) in paragraph at lines 1785--1788

 []

[157]
Underfull \hbox (badness 10000) in paragraph at lines 1791--1795

 []


Underfull \hbox (badness 10000) in paragraph at lines 1798--1802

 []


Underfull \hbox (badness 10000) in paragraph at lines 1804--1809

 []

[158]
Underfull \hbox (badness 10000) in paragraph at lines 1812--1817

 []

[159]
Underfull \hbox (badness 10000) in paragraph at lines 1820--1824

 []


Underfull \hbox (badness 10000) in paragraph at lines 1826--1831

 []

[160]
Underfull \hbox (badness 10000) in paragraph at lines 1834--1838

 []


Underfull \hbox (badness 10000) in paragraph at lines 1840--1845

 []


Underfull \hbox (badness 10000) in paragraph at lines 1847--1854

 []

[161] [162]
Overfull \hbox (76.13826pt too wide) detected at line 1857
[][]
 []


Underfull \hbox (badness 10000) in paragraph at lines 1857--1861

 []


Underfull \hbox (badness 10000) in paragraph at lines 1864--1868

 []

[163]
Underfull \hbox (badness 10000) in paragraph at lines 1870--1875

 []


Underfull \hbox (badness 10000) in paragraph at lines 1878--1882

 []


Underfull \hbox (badness 10000) in paragraph at lines 1885--1889

 []

[164]
Overfull \hbox (13.45508pt too wide) detected at line 1892
[][]
 []


Underfull \hbox (badness 10000) in paragraph at lines 1892--1896

 []


Overfull \hbox (2.18199pt too wide) in paragraph at lines 1898--1899
\OT1/cmr/m/n/10 se-quences of sets de-fined by $\OML/cmm/m/it/10 A[] \OT1/cmr/m
/n/10 = \OMS/cmsy/m/n/10 ;\OML/cmm/m/it/10 ; B[] \OT1/cmr/m/n/10 = \OMS/cmsy/m/
n/10 f\OT1/cmr/m/n/10 0\OMS/cmsy/m/n/10 g\OML/cmm/m/it/10 ; A[] \OT1/cmr/m/n/10
 = [] \OML/cmm/m/it/10 ; B[] \OT1/cmr/m/n/10 =
 []

[165]
Underfull \hbox (badness 10000) in paragraph at lines 1899--1903

 []

[166]
Underfull \hbox (badness 10000) in paragraph at lines 1906--1910

 []

[167]
Underfull \hbox (badness 10000) in paragraph at lines 1913--1917

 []


Underfull \hbox (badness 10000) in paragraph at lines 1919--1924

 []

[168]
Underfull \hbox (badness 10000) in paragraph at lines 1927--1931

 []

[169]
Overfull \hbox (10.50871pt too wide) detected at line 1934
[][]
 []


Underfull \hbox (badness 10000) in paragraph at lines 1934--1938

 []


Underfull \hbox (badness 10000) in paragraph at lines 1941--1945

 []

[170]
Underfull \hbox (badness 10000) in paragraph at lines 1948--1952

 []

[171]
Overfull \hbox (40.87639pt too wide) detected at line 1955
[][]
 []


Underfull \hbox (badness 10000) in paragraph at lines 1955--1959

 []


Overfull \hbox (35.92796pt too wide) detected at line 1962
[][]
 []

[172]
Underfull \hbox (badness 10000) in paragraph at lines 1962--1966

 []


Underfull \hbox (badness 10000) in paragraph at lines 1969--1973

 []

[173]
Underfull \hbox (badness 10000) in paragraph at lines 1976--1980

 []


Underfull \hbox (badness 10000) in paragraph at lines 1983--1987

 []

[174]
Underfull \hbox (badness 10000) in paragraph at lines 1990--1994

 []


Underfull \hbox (badness 10000) in paragraph at lines 1997--2001

 []

[175]
Underfull \hbox (badness 10000) in paragraph at lines 2003--2008

 []


Overfull \hbox (44.40578pt too wide) in paragraph at lines 2010--2016
\OT1/cmr/bx/n/10 Solution \OT1/cmr/m/n/10 :911. Con-sider the dual cube to the 
oc-ta-he-dron. The ver-tices $\OML/cmm/m/it/10 A; B; C; D; E; F; G$\OT1/cmr/m/n
/10 ,
 []


Underfull \hbox (badness 10000) in paragraph at lines 2010--2016

 []

[176]
Underfull \hbox (badness 10000) in paragraph at lines 2019--2023

 []

[177]
Underfull \hbox (badness 10000) in paragraph at lines 2026--2030

 []


Underfull \hbox (badness 10000) in paragraph at lines 2033--2037

 []

[178]
Underfull \hbox (badness 10000) in paragraph at lines 2040--2044

 []

[179]
Underfull \hbox (badness 10000) in paragraph at lines 2047--2051

 []


Underfull \hbox (badness 10000) in paragraph at lines 2054--2058

 []


Underfull \hbox (badness 10000) in paragraph at lines 2061--2065

 []

[180]
Overfull \hbox (13.09335pt too wide) detected at line 2068
[][]
 []


Underfull \hbox (badness 10000) in paragraph at lines 2068--2072

 []

[181]
Underfull \hbox (badness 10000) in paragraph at lines 2075--2079

 []


Underfull \hbox (badness 10000) in paragraph at lines 2082--2086

 []

[182]
Underfull \hbox (badness 10000) in paragraph at lines 2089--2093

 []


Underfull \hbox (badness 10000) in paragraph at lines 2096--2100

 []

[183]
Underfull \hbox (badness 10000) in paragraph at lines 2103--2107

 []

[184]
Underfull \hbox (badness 10000) in paragraph at lines 2110--2114

 []


Underfull \hbox (badness 10000) in paragraph at lines 2117--2121

 []

[185]
Underfull \hbox (badness 10000) in paragraph at lines 2124--2128

 []


! LaTeX Error: There's no line here to end.

See the LaTeX manual or LaTeX Companion for explanation.
Type  H <return>  for immediate help.
 ...                                              
                                                  
l.2132 \textbf
              {Topic} :Probability\\
? 

Underfull \hbox (badness 10000) in paragraph at lines 2132--2135

 []

[186]
Underfull \hbox (badness 10000) in paragraph at lines 2138--2142

 []


Underfull \hbox (badness 10000) in paragraph at lines 2144--2149

 []

[187]
Underfull \hbox (badness 10000) in paragraph at lines 2151--2156

 []

[188]
Underfull \hbox (badness 10000) in paragraph at lines 2159--2163

 []


Underfull \hbox (badness 10000) in paragraph at lines 2166--2169

 []

[189] (./output.aux)

Package rerunfilecheck Warning: File `output.out' has changed.
(rerunfilecheck)                Rerun to get outlines right
(rerunfilecheck)                or use package `bookmark'.

Package rerunfilecheck Info: Checksums for `output.out':
(rerunfilecheck)             Before: 05C29E0AE227E39C5984F189DE81FDA0;1192
(rerunfilecheck)             After:  5CC5617AC540E6215E78E295C6AE3737;1857.
 ) 
Here is how much of TeX's memory you used:
 8729 strings out of 478268
 133303 string characters out of 5846346
 443916 words of memory out of 5000000
 26665 multiletter control sequences out of 15000+600000
 473118 words of font info for 44 fonts, out of 8000000 for 9000
 1141 hyphenation exceptions out of 8191
 60i,19n,63p,7113b,332s stack positions out of 10000i,1000n,20000p,200000b,200000s
</usr/local/texlive/2022/texmf-dist/fonts/type1/public/amsfonts/cm/cmbx10.pfb
></usr/local/texlive/2022/texmf-dist/fonts/type1/public/amsfonts/cm/cmbx12.pfb>
</usr/local/texlive/2022/texmf-dist/fonts/type1/public/amsfonts/cm/cmex10.pfb><
/usr/local/texlive/2022/texmf-dist/fonts/type1/public/amsfonts/cm/cmmi10.pfb></
usr/local/texlive/2022/texmf-dist/fonts/type1/public/amsfonts/cm/cmmi12.pfb></u
sr/local/texlive/2022/texmf-dist/fonts/type1/public/amsfonts/cm/cmmi5.pfb></usr
/local/texlive/2022/texmf-dist/fonts/type1/public/amsfonts/cm/cmmi7.pfb></usr/l
ocal/texlive/2022/texmf-dist/fonts/type1/public/amsfonts/cm/cmr10.pfb></usr/loc
al/texlive/2022/texmf-dist/fonts/type1/public/amsfonts/cm/cmr12.pfb></usr/local
/texlive/2022/texmf-dist/fonts/type1/public/amsfonts/cm/cmr5.pfb></usr/local/te
xlive/2022/texmf-dist/fonts/type1/public/amsfonts/cm/cmr7.pfb></usr/local/texli
ve/2022/texmf-dist/fonts/type1/public/amsfonts/cm/cmsy10.pfb></usr/local/texliv
e/2022/texmf-dist/fonts/type1/public/amsfonts/cm/cmsy5.pfb></usr/local/texlive/
2022/texmf-dist/fonts/type1/public/amsfonts/cm/cmsy7.pfb></usr/local/texlive/20
22/texmf-dist/fonts/type1/public/amsfonts/symbols/msam10.pfb></usr/local/texliv
e/2022/texmf-dist/fonts/type1/public/amsfonts/symbols/msbm10.pfb></usr/local/te
xlive/2022/texmf-dist/fonts/type1/public/amsfonts/symbols/msbm7.pfb>
Output written on output.pdf (189 pages, 830133 bytes).
PDF statistics:
 980 PDF objects out of 1000 (max. 8388607)
 747 compressed objects within 8 object streams
 201 named destinations out of 1000 (max. 500000)
 89 words of extra memory for PDF output out of 10000 (max. 10000000)

